<?xml version="1.0" encoding="UTF-8"?>
<!-- Generated by org.testng.reporters.JUnitReportReporter -->
<testsuite hostname="DESKTOP-I3BG9VE" failures="0" tests="2" name="com.tests.Test_2" time="0.000" errors="0" timestamp="2021-01-06T17:36:09 IST" skipped="0">
  <testcase classname="com.tests.Test_2" name="testCaptureScreen2" time="0.000"/>
  <system-out/>
  <testcase classname="com.tests.Test_2" name="testCaptureScreen" time="0.000"/>
  <system-out/>
</testsuite> <!-- com.tests.Test_2 -->
