<?xml version="1.0" encoding="UTF-8"?>
<!-- Generated by org.testng.reporters.JUnitReportReporter -->
<testsuite hostname="DESKTOP-I3BG9VE" failures="0" tests="2" name="com.tests.Test_1" time="0.003" errors="0" timestamp="2021-01-06T17:36:09 IST" skipped="0">
  <testcase classname="com.tests.Test_1" name="testRegistration" time="0.001"/>
  <system-out/>
  <testcase classname="com.tests.Test_1" name="testLogin" time="0.002"/>
  <system-out/>
</testsuite> <!-- com.tests.Test_1 -->
