<?xml version="1.0" encoding="UTF-8"?>
<!-- Generated by org.testng.reporters.JUnitReportReporter -->
<testsuite hostname="DESKTOP-I3BG9VE" failures="0" tests="1" name="account.CheckOutTest" time="18.965" errors="0" timestamp="2021-01-29T14:33:11 IST" skipped="0">
  <testcase classname="account.CheckOutTest" name="verifyThatUserCheckOutSuccessfullyWithValidDetails" time="18.965"/>
  <system-out>
Step 9 - Fill out CheckOut form with valid details and click on 'Continue' button Step 10 - Navigate to CheckOut: Overview page when click on 'Continue' button  </system-out>
</testsuite> <!-- account.CheckOutTest -->
